<?xml version="1.0" encoding="utf-8" standalone="no"?>
<!--This file represents the results of running a test suite-->
<test-results name="C:\Users\MAntunes\Documents\Visual Studio 2015\Projects\ProgrammingRefresher\UnitTests\bin\Debug\Calculator.Tests\bin\Debug\UnitTests.dll" total="0" errors="0" failures="0" not-run="0" inconclusive="0" ignored="0" skipped="0" invalid="0" date="2017-03-20" time="10:04:54">
  <environment nunit-version="3.5.0.0" clr-version="4.0.30319.42000" os-version="Microsoft Windows NT 10.0.10586.0" platform="Win32NT" cwd="C:\Users\MAntunes\Documents\Visual Studio 2015\Projects\ProgrammingRefresher\UnitTests\bin\Debug" machine-name="LON-7270-033" user="MAntunes" user-domain="FOURTH" />
  <culture-info current-culture="en-GB" current-uiculture="en-US" />
  <test-suite type="Assembly" name="C:\Users\MAntunes\Documents\Visual Studio 2015\Projects\ProgrammingRefresher\UnitTests\bin\Debug\Calculator.Tests\bin\Debug\UnitTests.dll" executed="True" result="Failure" success="False" time="0.000" asserts="">
    <properties>
      <property name="_SKIPREASON" value="File not found: C:\Users\MAntunes\Documents\Visual Studio 2015\Projects\ProgrammingRefresher\UnitTests\bin\Debug\Calculator.Tests\bin\Debug\UnitTests.dll" />
    </properties>
    <reason>
      <message><![CDATA[File not found: C:\Users\MAntunes\Documents\Visual Studio 2015\Projects\ProgrammingRefresher\UnitTests\bin\Debug\Calculator.Tests\bin\Debug\UnitTests.dll]]></message>
    </reason>
    <results />
  </test-suite>
</test-results>